

Started GET "/" for 127.0.0.1 at 2015-02-21 14:23:40 -0800
Processing by SayController#hello as HTML
  Rendered say/hello.html.erb within layouts/application (0.9ms)
Completed 200 OK in 37ms (Views: 37.0ms)


Started GET "/assets/jquery.js?body=1" for 127.0.0.1 at 2015-02-21 14:23:40 -0800
Served asset /jquery.js - 304 Not Modified (2ms)


Started GET "/assets/jquery_ujs.js?body=1" for 127.0.0.1 at 2015-02-21 14:23:40 -0800
Served asset /jquery_ujs.js - 304 Not Modified (2ms)


Started GET "/assets/bootstrap.min.js?body=1" for 127.0.0.1 at 2015-02-21 14:23:40 -0800
Served asset /bootstrap.min.js - 304 Not Modified (1ms)


Started GET "/assets/welcome.js?body=1" for 127.0.0.1 at 2015-02-21 14:23:40 -0800
Served asset /welcome.js - 304 Not Modified (1ms)


Started GET "/assets/npm.js?body=1" for 127.0.0.1 at 2015-02-21 14:23:40 -0800
Served asset /npm.js - 304 Not Modified (1ms)


Started GET "/assets/bootstrap.js?body=1" for 127.0.0.1 at 2015-02-21 14:23:40 -0800
Served asset /bootstrap.js - 304 Not Modified (1ms)


Started GET "/assets/application.js?body=1" for 127.0.0.1 at 2015-02-21 14:23:40 -0800
Served asset /application.js - 304 Not Modified (26ms)


Started GET "/assets/flomo.jpg" for 127.0.0.1 at 2015-02-21 14:23:40 -0800
Served asset /flomo.jpg - 200 OK (7ms)


Started GET "/assets/branner.jpg" for 127.0.0.1 at 2015-02-21 14:23:40 -0800
Served asset /branner.jpg - 200 OK (4ms)


Started GET "/assets/afdc.jpg" for 127.0.0.1 at 2015-02-21 14:23:40 -0800
Served asset /afdc.jpg - 304 Not Modified (1ms)


Started GET "/assets/ricker.jpg" for 127.0.0.1 at 2015-02-21 14:23:40 -0800
Served asset /ricker.jpg - 200 OK (3ms)


Started GET "/assets/lakeside_logo.jpg" for 127.0.0.1 at 2015-02-21 14:23:40 -0800
Served asset /lakeside_logo.jpg - 404 Not Found (1ms)

ActionController::RoutingError (No route matches [GET] "/assets/lakeside_logo.jpg"):
  actionpack (3.2.13) lib/action_dispatch/middleware/debug_exceptions.rb:21:in `call'
  actionpack (3.2.13) lib/action_dispatch/middleware/show_exceptions.rb:56:in `call'
  railties (3.2.13) lib/rails/rack/logger.rb:32:in `call_app'
  railties (3.2.13) lib/rails/rack/logger.rb:16:in `block in call'
  activesupport (3.2.13) lib/active_support/tagged_logging.rb:22:in `tagged'
  railties (3.2.13) lib/rails/rack/logger.rb:16:in `call'
  actionpack (3.2.13) lib/action_dispatch/middleware/request_id.rb:22:in `call'
  rack (1.4.5) lib/rack/methodoverride.rb:21:in `call'
  rack (1.4.5) lib/rack/runtime.rb:17:in `call'
  activesupport (3.2.13) lib/active_support/cache/strategy/local_cache.rb:72:in `call'
  rack (1.4.5) lib/rack/lock.rb:15:in `call'
  actionpack (3.2.13) lib/action_dispatch/middleware/static.rb:63:in `call'
  railties (3.2.13) lib/rails/engine.rb:479:in `call'
  railties (3.2.13) lib/rails/application.rb:223:in `call'
  rack (1.4.5) lib/rack/content_length.rb:14:in `call'
  railties (3.2.13) lib/rails/rack/log_tailer.rb:17:in `call'
  rack (1.4.5) lib/rack/handler/webrick.rb:59:in `service'
  /Users/jasonliu/.rvm/rubies/ruby-2.0.0-p598/lib/ruby/2.0.0/webrick/httpserver.rb:138:in `service'
  /Users/jasonliu/.rvm/rubies/ruby-2.0.0-p598/lib/ruby/2.0.0/webrick/httpserver.rb:94:in `run'
  /Users/jasonliu/.rvm/rubies/ruby-2.0.0-p598/lib/ruby/2.0.0/webrick/server.rb:295:in `block in start_thread'


  Rendered /Users/jasonliu/.rvm/gems/ruby-2.0.0-p598/gems/actionpack-3.2.13/lib/action_dispatch/middleware/templates/rescues/routing_error.erb within rescues/layout (0.5ms)


Started GET "/assets/manz.jpg" for 127.0.0.1 at 2015-02-21 14:23:40 -0800
Served asset /manz.jpg - 200 OK (2ms)


Started GET "/assets/stern.jpg" for 127.0.0.1 at 2015-02-21 14:23:40 -0800
Served asset /stern.jpg - 200 OK (3ms)


Started GET "/assets/wilbur.jpg" for 127.0.0.1 at 2015-02-21 14:23:40 -0800
Served asset /wilbur.jpg - 200 OK (3ms)


Started GET "/" for 127.0.0.1 at 2015-02-21 14:29:02 -0800
Processing by SayController#hello as HTML
  Rendered say/hello.html.erb within layouts/application (0.9ms)
Completed 500 Internal Server Error in 37ms

ActionView::Template::Error (couldn't find file 'boostrap.min'
  (in /Users/jasonliu/Hack/Stanford-Dine/app/assets/javascripts/application.js:15)):
    2: <html>
    3: <head>
    4:   <title>Ruby on Rails Starter Application</title>
    5:   <%= javascript_include_tag "application" %>
    6:   <%= csrf_meta_tags %>
    7: </head>
    8: <body>
  app/views/layouts/application.html.erb:5:in `_app_views_layouts_application_html_erb__4471386497991160667_70110809234420'


  Rendered /Users/jasonliu/.rvm/gems/ruby-2.0.0-p598/gems/actionpack-3.2.13/lib/action_dispatch/middleware/templates/rescues/_trace.erb (0.9ms)
  Rendered /Users/jasonliu/.rvm/gems/ruby-2.0.0-p598/gems/actionpack-3.2.13/lib/action_dispatch/middleware/templates/rescues/_request_and_response.erb (0.6ms)
  Rendered /Users/jasonliu/.rvm/gems/ruby-2.0.0-p598/gems/actionpack-3.2.13/lib/action_dispatch/middleware/templates/rescues/template_error.erb within rescues/layout (6.7ms)


Started GET "/" for 127.0.0.1 at 2015-02-21 14:29:34 -0800
Processing by SayController#hello as HTML
  Rendered say/hello.html.erb within layouts/application (0.0ms)
Completed 500 Internal Server Error in 14ms

ActionView::Template::Error (couldn't find file 'boostrap'
  (in /Users/jasonliu/Hack/Stanford-Dine/app/assets/javascripts/application.js:15)):
    2: <html>
    3: <head>
    4:   <title>Ruby on Rails Starter Application</title>
    5:   <%= javascript_include_tag "application" %>
    6:   <%= csrf_meta_tags %>
    7: </head>
    8: <body>
  app/views/layouts/application.html.erb:5:in `_app_views_layouts_application_html_erb__4471386497991160667_70110809234420'


  Rendered /Users/jasonliu/.rvm/gems/ruby-2.0.0-p598/gems/actionpack-3.2.13/lib/action_dispatch/middleware/templates/rescues/_trace.erb (0.9ms)
  Rendered /Users/jasonliu/.rvm/gems/ruby-2.0.0-p598/gems/actionpack-3.2.13/lib/action_dispatch/middleware/templates/rescues/_request_and_response.erb (0.7ms)
  Rendered /Users/jasonliu/.rvm/gems/ruby-2.0.0-p598/gems/actionpack-3.2.13/lib/action_dispatch/middleware/templates/rescues/template_error.erb within rescues/layout (5.8ms)


Started GET "/" for 127.0.0.1 at 2015-02-21 14:30:49 -0800
Processing by SayController#hello as HTML
  Rendered say/hello.html.erb within layouts/application (0.0ms)
Completed 500 Internal Server Error in 34ms

ActionView::Template::Error (couldn't find file 'boostrap.js'
  (in /Users/jasonliu/Hack/Stanford-Dine/app/assets/javascripts/application.js:15)):
    2: <html>
    3: <head>
    4:   <title>Ruby on Rails Starter Application</title>
    5:   <%= javascript_include_tag "application" %>
    6:   <%= csrf_meta_tags %>
    7: </head>
    8: <body>
  app/views/layouts/application.html.erb:5:in `_app_views_layouts_application_html_erb__4471386497991160667_70110809234420'


  Rendered /Users/jasonliu/.rvm/gems/ruby-2.0.0-p598/gems/actionpack-3.2.13/lib/action_dispatch/middleware/templates/rescues/_trace.erb (0.9ms)
  Rendered /Users/jasonliu/.rvm/gems/ruby-2.0.0-p598/gems/actionpack-3.2.13/lib/action_dispatch/middleware/templates/rescues/_request_and_response.erb (0.6ms)
  Rendered /Users/jasonliu/.rvm/gems/ruby-2.0.0-p598/gems/actionpack-3.2.13/lib/action_dispatch/middleware/templates/rescues/template_error.erb within rescues/layout (5.7ms)


Started GET "/" for 127.0.0.1 at 2015-02-21 14:34:21 -0800
Processing by SayController#hello as HTML
  Rendered say/hello.html.erb within layouts/application (0.8ms)
Completed 500 Internal Server Error in 31ms

ActionView::Template::Error (couldn't find file 'boostrap.js'
  (in /Users/jasonliu/Hack/Stanford-Dine/app/assets/javascripts/application.js:15)):
    2: <html>
    3: <head>
    4:   <title>Ruby on Rails Starter Application</title>
    5:   <%= javascript_include_tag "application" %>
    6:   <%= csrf_meta_tags %>
    7: </head>
    8: <body>
  app/views/layouts/application.html.erb:5:in `_app_views_layouts_application_html_erb__4321167316835514886_70323888339980'


  Rendered /Users/jasonliu/.rvm/gems/ruby-2.0.0-p598/gems/actionpack-3.2.13/lib/action_dispatch/middleware/templates/rescues/_trace.erb (1.0ms)
  Rendered /Users/jasonliu/.rvm/gems/ruby-2.0.0-p598/gems/actionpack-3.2.13/lib/action_dispatch/middleware/templates/rescues/_request_and_response.erb (0.7ms)
  Rendered /Users/jasonliu/.rvm/gems/ruby-2.0.0-p598/gems/actionpack-3.2.13/lib/action_dispatch/middleware/templates/rescues/template_error.erb within rescues/layout (6.2ms)


Started GET "/" for 127.0.0.1 at 2015-02-21 14:35:34 -0800
Processing by SayController#hello as HTML
  Rendered say/hello.html.erb within layouts/application (0.7ms)
Completed 500 Internal Server Error in 34ms

ActionView::Template::Error (couldn't find file 'boostrap.js'
  (in /Users/jasonliu/Hack/Stanford-Dine/app/assets/javascripts/application.js:15)):
    2: <html>
    3: <head>
    4:   <title>Ruby on Rails Starter Application</title>
    5:   <%= javascript_include_tag "application" %>
    6:   <%= csrf_meta_tags %>
    7: </head>
    8: <body>
  app/views/layouts/application.html.erb:5:in `_app_views_layouts_application_html_erb___4522226891528029094_70131691101160'


  Rendered /Users/jasonliu/.rvm/gems/ruby-2.0.0-p598/gems/actionpack-3.2.13/lib/action_dispatch/middleware/templates/rescues/_trace.erb (1.0ms)
  Rendered /Users/jasonliu/.rvm/gems/ruby-2.0.0-p598/gems/actionpack-3.2.13/lib/action_dispatch/middleware/templates/rescues/_request_and_response.erb (0.7ms)
  Rendered /Users/jasonliu/.rvm/gems/ruby-2.0.0-p598/gems/actionpack-3.2.13/lib/action_dispatch/middleware/templates/rescues/template_error.erb within rescues/layout (6.0ms)


Started GET "/" for 127.0.0.1 at 2015-02-21 14:36:19 -0800
Processing by SayController#hello as HTML
  Rendered say/hello.html.erb within layouts/application (0.0ms)
Completed 500 Internal Server Error in 9ms

ActionView::Template::Error (couldn't find file 'boostrap'
  (in /Users/jasonliu/Hack/Stanford-Dine/app/assets/javascripts/application.js:15)):
    2: <html>
    3: <head>
    4:   <title>Ruby on Rails Starter Application</title>
    5:   <%= javascript_include_tag "application" %>
    6:   <%= csrf_meta_tags %>
    7: </head>
    8: <body>
  app/views/layouts/application.html.erb:5:in `_app_views_layouts_application_html_erb___4522226891528029094_70131691101160'


  Rendered /Users/jasonliu/.rvm/gems/ruby-2.0.0-p598/gems/actionpack-3.2.13/lib/action_dispatch/middleware/templates/rescues/_trace.erb (1.5ms)
  Rendered /Users/jasonliu/.rvm/gems/ruby-2.0.0-p598/gems/actionpack-3.2.13/lib/action_dispatch/middleware/templates/rescues/_request_and_response.erb (1.1ms)
  Rendered /Users/jasonliu/.rvm/gems/ruby-2.0.0-p598/gems/actionpack-3.2.13/lib/action_dispatch/middleware/templates/rescues/template_error.erb within rescues/layout (9.0ms)


Started GET "/" for 127.0.0.1 at 2015-02-21 14:36:39 -0800
Processing by SayController#hello as HTML
  Rendered say/hello.html.erb within layouts/application (0.7ms)
Completed 500 Internal Server Error in 31ms

ActionView::Template::Error (couldn't find file 'boostrap-min'
  (in /Users/jasonliu/Hack/Stanford-Dine/app/assets/javascripts/application.js:15)):
    2: <html>
    3: <head>
    4:   <title>Ruby on Rails Starter Application</title>
    5:   <%= javascript_include_tag "application" %>
    6:   <%= csrf_meta_tags %>
    7: </head>
    8: <body>
  app/views/layouts/application.html.erb:5:in `_app_views_layouts_application_html_erb___2459945930545588793_70330274126880'


  Rendered /Users/jasonliu/.rvm/gems/ruby-2.0.0-p598/gems/actionpack-3.2.13/lib/action_dispatch/middleware/templates/rescues/_trace.erb (1.5ms)
  Rendered /Users/jasonliu/.rvm/gems/ruby-2.0.0-p598/gems/actionpack-3.2.13/lib/action_dispatch/middleware/templates/rescues/_request_and_response.erb (1.0ms)
  Rendered /Users/jasonliu/.rvm/gems/ruby-2.0.0-p598/gems/actionpack-3.2.13/lib/action_dispatch/middleware/templates/rescues/template_error.erb within rescues/layout (9.8ms)


Started GET "/" for 127.0.0.1 at 2015-02-21 14:38:28 -0800
Processing by SayController#hello as HTML
  Rendered say/hello.html.erb within layouts/application (0.7ms)
Completed 500 Internal Server Error in 31ms

ActionView::Template::Error (couldn't find file 'boostrap'
  (in /Users/jasonliu/Hack/Stanford-Dine/app/assets/javascripts/application.js:15)):
    2: <html>
    3: <head>
    4:   <title>Ruby on Rails Starter Application</title>
    5:   <%= javascript_include_tag "application" %>
    6:   <%= csrf_meta_tags %>
    7: </head>
    8: <body>
  app/views/layouts/application.html.erb:5:in `_app_views_layouts_application_html_erb___3765513127068605215_70155703261920'


  Rendered /Users/jasonliu/.rvm/gems/ruby-2.0.0-p598/gems/actionpack-3.2.13/lib/action_dispatch/middleware/templates/rescues/_trace.erb (0.9ms)
  Rendered /Users/jasonliu/.rvm/gems/ruby-2.0.0-p598/gems/actionpack-3.2.13/lib/action_dispatch/middleware/templates/rescues/_request_and_response.erb (0.6ms)
  Rendered /Users/jasonliu/.rvm/gems/ruby-2.0.0-p598/gems/actionpack-3.2.13/lib/action_dispatch/middleware/templates/rescues/template_error.erb within rescues/layout (5.7ms)


Started GET "/" for 127.0.0.1 at 2015-02-21 14:43:06 -0800
Processing by SayController#hello as HTML
  Rendered say/hello.html.erb within layouts/application (0.0ms)
Completed 500 Internal Server Error in 9ms

ActionView::Template::Error (couldn't find file 'boostrap'
  (in /Users/jasonliu/Hack/Stanford-Dine/app/assets/javascripts/application.js:15)):
    2: <html>
    3: <head>
    4:   <title>Ruby on Rails Starter Application</title>
    5:   <%= javascript_include_tag "application" %>
    6:   <%= csrf_meta_tags %>
    7: </head>
    8: <body>
  app/views/layouts/application.html.erb:5:in `_app_views_layouts_application_html_erb___3765513127068605215_70155703261920'


  Rendered /Users/jasonliu/.rvm/gems/ruby-2.0.0-p598/gems/actionpack-3.2.13/lib/action_dispatch/middleware/templates/rescues/_trace.erb (1.0ms)
  Rendered /Users/jasonliu/.rvm/gems/ruby-2.0.0-p598/gems/actionpack-3.2.13/lib/action_dispatch/middleware/templates/rescues/_request_and_response.erb (0.7ms)
  Rendered /Users/jasonliu/.rvm/gems/ruby-2.0.0-p598/gems/actionpack-3.2.13/lib/action_dispatch/middleware/templates/rescues/template_error.erb within rescues/layout (6.2ms)


Started GET "/" for 127.0.0.1 at 2015-02-21 14:43:35 -0800
Processing by SayController#hello as HTML
  Rendered say/hello.html.erb within layouts/application (0.8ms)
Completed 500 Internal Server Error in 31ms

ActionView::Template::Error (couldn't find file 'boostrap.min'
  (in /Users/jasonliu/Hack/Stanford-Dine/app/assets/javascripts/application.js:15)):
    2: <html>
    3: <head>
    4:   <title>Ruby on Rails Starter Application</title>
    5:   <%= javascript_include_tag "application" %>
    6:   <%= csrf_meta_tags %>
    7: </head>
    8: <body>
  app/views/layouts/application.html.erb:5:in `_app_views_layouts_application_html_erb___422973737443645252_70116252195860'


  Rendered /Users/jasonliu/.rvm/gems/ruby-2.0.0-p598/gems/actionpack-3.2.13/lib/action_dispatch/middleware/templates/rescues/_trace.erb (0.9ms)
  Rendered /Users/jasonliu/.rvm/gems/ruby-2.0.0-p598/gems/actionpack-3.2.13/lib/action_dispatch/middleware/templates/rescues/_request_and_response.erb (0.7ms)
  Rendered /Users/jasonliu/.rvm/gems/ruby-2.0.0-p598/gems/actionpack-3.2.13/lib/action_dispatch/middleware/templates/rescues/template_error.erb within rescues/layout (6.0ms)


Started GET "/" for 127.0.0.1 at 2015-02-21 14:44:30 -0800
Processing by SayController#hello as HTML
  Rendered say/hello.html.erb within layouts/application (0.7ms)
Completed 200 OK in 30ms (Views: 30.0ms)


Started GET "/assets/jquery_ujs.js?body=1" for 127.0.0.1 at 2015-02-21 14:44:30 -0800
Served asset /jquery_ujs.js - 304 Not Modified (2ms)


Started GET "/assets/bootstrap.js?body=1" for 127.0.0.1 at 2015-02-21 14:44:30 -0800
Served asset /bootstrap.js - 304 Not Modified (1ms)


Started GET "/assets/welcome.js?body=1" for 127.0.0.1 at 2015-02-21 14:44:30 -0800
Served asset /welcome.js - 304 Not Modified (1ms)


Started GET "/assets/application.js?body=1" for 127.0.0.1 at 2015-02-21 14:44:30 -0800
Served asset /application.js - 304 Not Modified (44ms)


Started GET "/assets/jquery.js?body=1" for 127.0.0.1 at 2015-02-21 14:44:30 -0800
Served asset /jquery.js - 304 Not Modified (2ms)


Started GET "/assets/npm.js?body=1" for 127.0.0.1 at 2015-02-21 14:44:30 -0800
Served asset /npm.js - 304 Not Modified (1ms)


Started GET "/assets/bootstrap.min.js?body=1" for 127.0.0.1 at 2015-02-21 14:44:30 -0800
Served asset /bootstrap.min.js - 304 Not Modified (1ms)


Started GET "/assets/afdc.jpg" for 127.0.0.1 at 2015-02-21 14:44:30 -0800
Served asset /afdc.jpg - 304 Not Modified (7ms)


Started GET "/assets/flomo.jpg" for 127.0.0.1 at 2015-02-21 14:44:30 -0800
Served asset /flomo.jpg - 304 Not Modified (1ms)


Started GET "/assets/branner.jpg" for 127.0.0.1 at 2015-02-21 14:44:30 -0800
Served asset /branner.jpg - 304 Not Modified (3ms)


Started GET "/assets/lakeside_logo.jpg" for 127.0.0.1 at 2015-02-21 14:44:30 -0800
Served asset /lakeside_logo.jpg - 404 Not Found (1ms)

ActionController::RoutingError (No route matches [GET] "/assets/lakeside_logo.jpg"):
  actionpack (3.2.13) lib/action_dispatch/middleware/debug_exceptions.rb:21:in `call'
  actionpack (3.2.13) lib/action_dispatch/middleware/show_exceptions.rb:56:in `call'
  railties (3.2.13) lib/rails/rack/logger.rb:32:in `call_app'
  railties (3.2.13) lib/rails/rack/logger.rb:16:in `block in call'
  activesupport (3.2.13) lib/active_support/tagged_logging.rb:22:in `tagged'
  railties (3.2.13) lib/rails/rack/logger.rb:16:in `call'
  actionpack (3.2.13) lib/action_dispatch/middleware/request_id.rb:22:in `call'
  rack (1.4.5) lib/rack/methodoverride.rb:21:in `call'
  rack (1.4.5) lib/rack/runtime.rb:17:in `call'
  activesupport (3.2.13) lib/active_support/cache/strategy/local_cache.rb:72:in `call'
  rack (1.4.5) lib/rack/lock.rb:15:in `call'
  actionpack (3.2.13) lib/action_dispatch/middleware/static.rb:63:in `call'
  railties (3.2.13) lib/rails/engine.rb:479:in `call'
  railties (3.2.13) lib/rails/application.rb:223:in `call'
  rack (1.4.5) lib/rack/content_length.rb:14:in `call'
  railties (3.2.13) lib/rails/rack/log_tailer.rb:17:in `call'
  rack (1.4.5) lib/rack/handler/webrick.rb:59:in `service'
  /Users/jasonliu/.rvm/rubies/ruby-2.0.0-p598/lib/ruby/2.0.0/webrick/httpserver.rb:138:in `service'
  /Users/jasonliu/.rvm/rubies/ruby-2.0.0-p598/lib/ruby/2.0.0/webrick/httpserver.rb:94:in `run'
  /Users/jasonliu/.rvm/rubies/ruby-2.0.0-p598/lib/ruby/2.0.0/webrick/server.rb:295:in `block in start_thread'


  Rendered /Users/jasonliu/.rvm/gems/ruby-2.0.0-p598/gems/actionpack-3.2.13/lib/action_dispatch/middleware/templates/rescues/routing_error.erb within rescues/layout (0.8ms)


Started GET "/assets/ricker.jpg" for 127.0.0.1 at 2015-02-21 14:44:30 -0800
Served asset /ricker.jpg - 304 Not Modified (3ms)


Started GET "/assets/stern.jpg" for 127.0.0.1 at 2015-02-21 14:44:30 -0800
Served asset /stern.jpg - 304 Not Modified (1ms)


Started GET "/assets/manz.jpg" for 127.0.0.1 at 2015-02-21 14:44:30 -0800
Served asset /manz.jpg - 304 Not Modified (1ms)


Started GET "/assets/wilbur.jpg" for 127.0.0.1 at 2015-02-21 14:44:30 -0800
Served asset /wilbur.jpg - 304 Not Modified (1ms)


Started GET "/" for 127.0.0.1 at 2015-02-21 14:45:38 -0800
Processing by SayController#hello as HTML
  Rendered say/hello.html.erb within layouts/application (0.0ms)
Compiled application.js  (2ms)  (pid 47521)
Completed 200 OK in 45ms (Views: 44.8ms)


Started GET "/assets/jquery.js?body=1" for 127.0.0.1 at 2015-02-21 14:45:38 -0800
Served asset /jquery.js - 304 Not Modified (0ms)


Started GET "/assets/jquery_ujs.js?body=1" for 127.0.0.1 at 2015-02-21 14:45:38 -0800
Served asset /jquery_ujs.js - 304 Not Modified (0ms)


Started GET "/assets/npm.js?body=1" for 127.0.0.1 at 2015-02-21 14:45:38 -0800
Served asset /npm.js - 304 Not Modified (0ms)


Started GET "/assets/welcome.js?body=1" for 127.0.0.1 at 2015-02-21 14:45:38 -0800
Served asset /welcome.js - 304 Not Modified (0ms)


Started GET "/assets/application.js?body=1" for 127.0.0.1 at 2015-02-21 14:45:38 -0800
Served asset /application.js - 200 OK (10ms)


Started GET "/assets/bootstrap.min.js?body=1" for 127.0.0.1 at 2015-02-21 14:45:38 -0800
Served asset /bootstrap.min.js - 304 Not Modified (0ms)


Started GET "/assets/bootstrap.js?body=1" for 127.0.0.1 at 2015-02-21 14:45:38 -0800
Served asset /bootstrap.js - 304 Not Modified (0ms)


Started GET "/assets/afdc.jpg" for 127.0.0.1 at 2015-02-21 14:45:38 -0800
Served asset /afdc.jpg - 304 Not Modified (0ms)


Started GET "/assets/lakeside_logo.jpg" for 127.0.0.1 at 2015-02-21 14:45:38 -0800
Served asset /lakeside_logo.jpg - 404 Not Found (1ms)

ActionController::RoutingError (No route matches [GET] "/assets/lakeside_logo.jpg"):
  actionpack (3.2.13) lib/action_dispatch/middleware/debug_exceptions.rb:21:in `call'
  actionpack (3.2.13) lib/action_dispatch/middleware/show_exceptions.rb:56:in `call'
  railties (3.2.13) lib/rails/rack/logger.rb:32:in `call_app'
  railties (3.2.13) lib/rails/rack/logger.rb:16:in `block in call'
  activesupport (3.2.13) lib/active_support/tagged_logging.rb:22:in `tagged'
  railties (3.2.13) lib/rails/rack/logger.rb:16:in `call'
  actionpack (3.2.13) lib/action_dispatch/middleware/request_id.rb:22:in `call'
  rack (1.4.5) lib/rack/methodoverride.rb:21:in `call'
  rack (1.4.5) lib/rack/runtime.rb:17:in `call'
  activesupport (3.2.13) lib/active_support/cache/strategy/local_cache.rb:72:in `call'
  rack (1.4.5) lib/rack/lock.rb:15:in `call'
  actionpack (3.2.13) lib/action_dispatch/middleware/static.rb:63:in `call'
  railties (3.2.13) lib/rails/engine.rb:479:in `call'
  railties (3.2.13) lib/rails/application.rb:223:in `call'
  rack (1.4.5) lib/rack/content_length.rb:14:in `call'
  railties (3.2.13) lib/rails/rack/log_tailer.rb:17:in `call'
  rack (1.4.5) lib/rack/handler/webrick.rb:59:in `service'
  /Users/jasonliu/.rvm/rubies/ruby-2.0.0-p598/lib/ruby/2.0.0/webrick/httpserver.rb:138:in `service'
  /Users/jasonliu/.rvm/rubies/ruby-2.0.0-p598/lib/ruby/2.0.0/webrick/httpserver.rb:94:in `run'
  /Users/jasonliu/.rvm/rubies/ruby-2.0.0-p598/lib/ruby/2.0.0/webrick/server.rb:295:in `block in start_thread'


  Rendered /Users/jasonliu/.rvm/gems/ruby-2.0.0-p598/gems/actionpack-3.2.13/lib/action_dispatch/middleware/templates/rescues/routing_error.erb within rescues/layout (0.7ms)


Started GET "/assets/manz.jpg" for 127.0.0.1 at 2015-02-21 14:45:38 -0800
Served asset /manz.jpg - 304 Not Modified (0ms)


Started GET "/assets/flomo.jpg" for 127.0.0.1 at 2015-02-21 14:45:38 -0800
Served asset /flomo.jpg - 304 Not Modified (0ms)


Started GET "/assets/branner.jpg" for 127.0.0.1 at 2015-02-21 14:45:38 -0800
Served asset /branner.jpg - 304 Not Modified (0ms)


Started GET "/assets/ricker.jpg" for 127.0.0.1 at 2015-02-21 14:45:38 -0800
Served asset /ricker.jpg - 304 Not Modified (0ms)


Started GET "/assets/stern.jpg" for 127.0.0.1 at 2015-02-21 14:45:38 -0800
Served asset /stern.jpg - 304 Not Modified (0ms)


Started GET "/assets/wilbur.jpg" for 127.0.0.1 at 2015-02-21 14:45:38 -0800
Served asset /wilbur.jpg - 304 Not Modified (0ms)


Started GET "/" for 127.0.0.1 at 2015-02-21 14:45:50 -0800
Processing by SayController#hello as HTML
  Rendered say/hello.html.erb within layouts/application (0.8ms)
Completed 200 OK in 31ms (Views: 30.1ms)


Started GET "/assets/jquery_ujs.js?body=1" for 127.0.0.1 at 2015-02-21 14:45:50 -0800
Served asset /jquery_ujs.js - 304 Not Modified (2ms)


Started GET "/assets/welcome.js?body=1" for 127.0.0.1 at 2015-02-21 14:45:50 -0800
Served asset /welcome.js - 304 Not Modified (1ms)


Started GET "/assets/application.js?body=1" for 127.0.0.1 at 2015-02-21 14:45:50 -0800
Served asset /application.js - 304 Not Modified (11ms)


Started GET "/assets/bootstrap.js?body=1" for 127.0.0.1 at 2015-02-21 14:45:50 -0800
Served asset /bootstrap.js - 304 Not Modified (19ms)


Started GET "/assets/bootstrap.min.js?body=1" for 127.0.0.1 at 2015-02-21 14:45:50 -0800
Served asset /bootstrap.min.js - 304 Not Modified (1ms)


Started GET "/assets/npm.js?body=1" for 127.0.0.1 at 2015-02-21 14:45:50 -0800
Served asset /npm.js - 304 Not Modified (1ms)


Started GET "/assets/jquery.js?body=1" for 127.0.0.1 at 2015-02-21 14:45:50 -0800
Served asset /jquery.js - 304 Not Modified (2ms)


Started GET "/assets/afdc.jpg" for 127.0.0.1 at 2015-02-21 14:45:50 -0800
Served asset /afdc.jpg - 304 Not Modified (2ms)


Started GET "/assets/flomo.jpg" for 127.0.0.1 at 2015-02-21 14:45:50 -0800
Served asset /flomo.jpg - 304 Not Modified (1ms)


Started GET "/assets/lakeside_logo.jpg" for 127.0.0.1 at 2015-02-21 14:45:50 -0800
Served asset /lakeside_logo.jpg - 404 Not Found (2ms)

ActionController::RoutingError (No route matches [GET] "/assets/lakeside_logo.jpg"):
  actionpack (3.2.13) lib/action_dispatch/middleware/debug_exceptions.rb:21:in `call'
  actionpack (3.2.13) lib/action_dispatch/middleware/show_exceptions.rb:56:in `call'
  railties (3.2.13) lib/rails/rack/logger.rb:32:in `call_app'
  railties (3.2.13) lib/rails/rack/logger.rb:16:in `block in call'
  activesupport (3.2.13) lib/active_support/tagged_logging.rb:22:in `tagged'
  railties (3.2.13) lib/rails/rack/logger.rb:16:in `call'
  actionpack (3.2.13) lib/action_dispatch/middleware/request_id.rb:22:in `call'
  rack (1.4.5) lib/rack/methodoverride.rb:21:in `call'
  rack (1.4.5) lib/rack/runtime.rb:17:in `call'
  activesupport (3.2.13) lib/active_support/cache/strategy/local_cache.rb:72:in `call'
  rack (1.4.5) lib/rack/lock.rb:15:in `call'
  actionpack (3.2.13) lib/action_dispatch/middleware/static.rb:63:in `call'
  railties (3.2.13) lib/rails/engine.rb:479:in `call'
  railties (3.2.13) lib/rails/application.rb:223:in `call'
  rack (1.4.5) lib/rack/content_length.rb:14:in `call'
  railties (3.2.13) lib/rails/rack/log_tailer.rb:17:in `call'
  rack (1.4.5) lib/rack/handler/webrick.rb:59:in `service'
  /Users/jasonliu/.rvm/rubies/ruby-2.0.0-p598/lib/ruby/2.0.0/webrick/httpserver.rb:138:in `service'
  /Users/jasonliu/.rvm/rubies/ruby-2.0.0-p598/lib/ruby/2.0.0/webrick/httpserver.rb:94:in `run'
  /Users/jasonliu/.rvm/rubies/ruby-2.0.0-p598/lib/ruby/2.0.0/webrick/server.rb:295:in `block in start_thread'


  Rendered /Users/jasonliu/.rvm/gems/ruby-2.0.0-p598/gems/actionpack-3.2.13/lib/action_dispatch/middleware/templates/rescues/routing_error.erb within rescues/layout (0.8ms)


Started GET "/assets/branner.jpg" for 127.0.0.1 at 2015-02-21 14:45:50 -0800
Served asset /branner.jpg - 304 Not Modified (1ms)


Started GET "/assets/ricker.jpg" for 127.0.0.1 at 2015-02-21 14:45:50 -0800
Served asset /ricker.jpg - 304 Not Modified (1ms)


Started GET "/assets/manz.jpg" for 127.0.0.1 at 2015-02-21 14:45:50 -0800
Served asset /manz.jpg - 304 Not Modified (1ms)


Started GET "/assets/stern.jpg" for 127.0.0.1 at 2015-02-21 14:45:50 -0800
Served asset /stern.jpg - 304 Not Modified (1ms)


Started GET "/assets/wilbur.jpg" for 127.0.0.1 at 2015-02-21 14:45:50 -0800
Served asset /wilbur.jpg - 304 Not Modified (1ms)


Started GET "/" for 127.0.0.1 at 2015-02-21 14:46:32 -0800
Processing by SayController#hello as HTML
  Rendered say/hello.html.erb within layouts/application (0.7ms)
Completed 200 OK in 30ms (Views: 30.0ms)


Started GET "/assets/jquery.js?body=1" for 127.0.0.1 at 2015-02-21 14:46:32 -0800
Served asset /jquery.js - 304 Not Modified (2ms)


Started GET "/assets/npm.js?body=1" for 127.0.0.1 at 2015-02-21 14:46:32 -0800
Served asset /npm.js - 304 Not Modified (1ms)


Started GET "/assets/bootstrap.min.js?body=1" for 127.0.0.1 at 2015-02-21 14:46:32 -0800
Served asset /bootstrap.min.js - 304 Not Modified (4ms)


Started GET "/assets/jquery_ujs.js?body=1" for 127.0.0.1 at 2015-02-21 14:46:32 -0800
Served asset /jquery_ujs.js - 304 Not Modified (11ms)


Started GET "/assets/welcome.js?body=1" for 127.0.0.1 at 2015-02-21 14:46:32 -0800
Served asset /welcome.js - 304 Not Modified (1ms)


Started GET "/assets/application.js?body=1" for 127.0.0.1 at 2015-02-21 14:46:32 -0800
Served asset /application.js - 304 Not Modified (29ms)


Started GET "/assets/bootstrap.js?body=1" for 127.0.0.1 at 2015-02-21 14:46:32 -0800
Served asset /bootstrap.js - 304 Not Modified (1ms)


Started GET "/assets/afdc.jpg" for 127.0.0.1 at 2015-02-21 14:46:32 -0800
Served asset /afdc.jpg - 304 Not Modified (3ms)


Started GET "/assets/flomo.jpg" for 127.0.0.1 at 2015-02-21 14:46:32 -0800
Served asset /flomo.jpg - 304 Not Modified (1ms)


Started GET "/assets/manz.jpg" for 127.0.0.1 at 2015-02-21 14:46:32 -0800
Served asset /manz.jpg - 304 Not Modified (3ms)


Started GET "/assets/ricker.jpg" for 127.0.0.1 at 2015-02-21 14:46:32 -0800
Served asset /ricker.jpg - 304 Not Modified (3ms)


Started GET "/assets/lakeside_logo.jpg" for 127.0.0.1 at 2015-02-21 14:46:32 -0800
Served asset /lakeside_logo.jpg - 404 Not Found (2ms)

ActionController::RoutingError (No route matches [GET] "/assets/lakeside_logo.jpg"):
  actionpack (3.2.13) lib/action_dispatch/middleware/debug_exceptions.rb:21:in `call'
  actionpack (3.2.13) lib/action_dispatch/middleware/show_exceptions.rb:56:in `call'
  railties (3.2.13) lib/rails/rack/logger.rb:32:in `call_app'
  railties (3.2.13) lib/rails/rack/logger.rb:16:in `block in call'
  activesupport (3.2.13) lib/active_support/tagged_logging.rb:22:in `tagged'
  railties (3.2.13) lib/rails/rack/logger.rb:16:in `call'
  actionpack (3.2.13) lib/action_dispatch/middleware/request_id.rb:22:in `call'
  rack (1.4.5) lib/rack/methodoverride.rb:21:in `call'
  rack (1.4.5) lib/rack/runtime.rb:17:in `call'
  activesupport (3.2.13) lib/active_support/cache/strategy/local_cache.rb:72:in `call'
  rack (1.4.5) lib/rack/lock.rb:15:in `call'
  actionpack (3.2.13) lib/action_dispatch/middleware/static.rb:63:in `call'
  railties (3.2.13) lib/rails/engine.rb:479:in `call'
  railties (3.2.13) lib/rails/application.rb:223:in `call'
  rack (1.4.5) lib/rack/content_length.rb:14:in `call'
  railties (3.2.13) lib/rails/rack/log_tailer.rb:17:in `call'
  rack (1.4.5) lib/rack/handler/webrick.rb:59:in `service'
  /Users/jasonliu/.rvm/rubies/ruby-2.0.0-p598/lib/ruby/2.0.0/webrick/httpserver.rb:138:in `service'
  /Users/jasonliu/.rvm/rubies/ruby-2.0.0-p598/lib/ruby/2.0.0/webrick/httpserver.rb:94:in `run'
  /Users/jasonliu/.rvm/rubies/ruby-2.0.0-p598/lib/ruby/2.0.0/webrick/server.rb:295:in `block in start_thread'


  Rendered /Users/jasonliu/.rvm/gems/ruby-2.0.0-p598/gems/actionpack-3.2.13/lib/action_dispatch/middleware/templates/rescues/routing_error.erb within rescues/layout (1.0ms)


Started GET "/assets/branner.jpg" for 127.0.0.1 at 2015-02-21 14:46:32 -0800
Served asset /branner.jpg - 304 Not Modified (0ms)


Started GET "/assets/wilbur.jpg" for 127.0.0.1 at 2015-02-21 14:46:32 -0800
Served asset /wilbur.jpg - 304 Not Modified (0ms)


Started GET "/assets/stern.jpg" for 127.0.0.1 at 2015-02-21 14:46:32 -0800
Served asset /stern.jpg - 304 Not Modified (1ms)


Started GET "/" for 127.0.0.1 at 2015-02-21 14:46:40 -0800
Processing by SayController#hello as HTML
  Rendered say/hello.html.erb within layouts/application (0.0ms)
Completed 200 OK in 5ms (Views: 4.5ms)


Started GET "/assets/jquery.js?body=1" for 127.0.0.1 at 2015-02-21 14:46:40 -0800
Served asset /jquery.js - 304 Not Modified (0ms)


Started GET "/assets/bootstrap.min.js?body=1" for 127.0.0.1 at 2015-02-21 14:46:40 -0800
Served asset /bootstrap.min.js - 304 Not Modified (0ms)


Started GET "/assets/npm.js?body=1" for 127.0.0.1 at 2015-02-21 14:46:40 -0800
Served asset /npm.js - 304 Not Modified (0ms)


Started GET "/assets/bootstrap.js?body=1" for 127.0.0.1 at 2015-02-21 14:46:40 -0800
Served asset /bootstrap.js - 304 Not Modified (0ms)


Started GET "/assets/welcome.js?body=1" for 127.0.0.1 at 2015-02-21 14:46:40 -0800
Served asset /welcome.js - 304 Not Modified (0ms)


Started GET "/assets/jquery_ujs.js?body=1" for 127.0.0.1 at 2015-02-21 14:46:40 -0800
Served asset /jquery_ujs.js - 304 Not Modified (0ms)


Started GET "/assets/application.js?body=1" for 127.0.0.1 at 2015-02-21 14:46:40 -0800
Served asset /application.js - 304 Not Modified (0ms)


Started GET "/assets/afdc.jpg" for 127.0.0.1 at 2015-02-21 14:46:40 -0800
Served asset /afdc.jpg - 304 Not Modified (0ms)


Started GET "/assets/branner.jpg" for 127.0.0.1 at 2015-02-21 14:46:40 -0800
Served asset /branner.jpg - 304 Not Modified (0ms)


Started GET "/assets/lakeside_logo.jpg" for 127.0.0.1 at 2015-02-21 14:46:40 -0800
Served asset /lakeside_logo.jpg - 404 Not Found (2ms)

ActionController::RoutingError (No route matches [GET] "/assets/lakeside_logo.jpg"):
  actionpack (3.2.13) lib/action_dispatch/middleware/debug_exceptions.rb:21:in `call'
  actionpack (3.2.13) lib/action_dispatch/middleware/show_exceptions.rb:56:in `call'
  railties (3.2.13) lib/rails/rack/logger.rb:32:in `call_app'
  railties (3.2.13) lib/rails/rack/logger.rb:16:in `block in call'
  activesupport (3.2.13) lib/active_support/tagged_logging.rb:22:in `tagged'
  railties (3.2.13) lib/rails/rack/logger.rb:16:in `call'
  actionpack (3.2.13) lib/action_dispatch/middleware/request_id.rb:22:in `call'
  rack (1.4.5) lib/rack/methodoverride.rb:21:in `call'
  rack (1.4.5) lib/rack/runtime.rb:17:in `call'
  activesupport (3.2.13) lib/active_support/cache/strategy/local_cache.rb:72:in `call'
  rack (1.4.5) lib/rack/lock.rb:15:in `call'
  actionpack (3.2.13) lib/action_dispatch/middleware/static.rb:63:in `call'
  railties (3.2.13) lib/rails/engine.rb:479:in `call'
  railties (3.2.13) lib/rails/application.rb:223:in `call'
  rack (1.4.5) lib/rack/content_length.rb:14:in `call'
  railties (3.2.13) lib/rails/rack/log_tailer.rb:17:in `call'
  rack (1.4.5) lib/rack/handler/webrick.rb:59:in `service'
  /Users/jasonliu/.rvm/rubies/ruby-2.0.0-p598/lib/ruby/2.0.0/webrick/httpserver.rb:138:in `service'
  /Users/jasonliu/.rvm/rubies/ruby-2.0.0-p598/lib/ruby/2.0.0/webrick/httpserver.rb:94:in `run'
  /Users/jasonliu/.rvm/rubies/ruby-2.0.0-p598/lib/ruby/2.0.0/webrick/server.rb:295:in `block in start_thread'


  Rendered /Users/jasonliu/.rvm/gems/ruby-2.0.0-p598/gems/actionpack-3.2.13/lib/action_dispatch/middleware/templates/rescues/routing_error.erb within rescues/layout (0.5ms)


Started GET "/assets/flomo.jpg" for 127.0.0.1 at 2015-02-21 14:46:40 -0800
Served asset /flomo.jpg - 304 Not Modified (0ms)


Started GET "/assets/ricker.jpg" for 127.0.0.1 at 2015-02-21 14:46:40 -0800
Served asset /ricker.jpg - 304 Not Modified (0ms)


Started GET "/assets/manz.jpg" for 127.0.0.1 at 2015-02-21 14:46:40 -0800
Served asset /manz.jpg - 304 Not Modified (0ms)


Started GET "/assets/stern.jpg" for 127.0.0.1 at 2015-02-21 14:46:40 -0800
Served asset /stern.jpg - 304 Not Modified (0ms)


Started GET "/assets/wilbur.jpg" for 127.0.0.1 at 2015-02-21 14:46:40 -0800
Served asset /wilbur.jpg - 304 Not Modified (0ms)


Started GET "/" for 127.0.0.1 at 2015-02-21 14:48:10 -0800
Processing by SayController#hello as HTML
  Rendered say/hello.html.erb within layouts/application (0.8ms)
Completed 200 OK in 31ms (Views: 30.1ms)


Started GET "/assets/jquery.js?body=1" for 127.0.0.1 at 2015-02-21 14:48:10 -0800
Served asset /jquery.js - 304 Not Modified (4ms)


Started GET "/assets/jquery_ujs.js?body=1" for 127.0.0.1 at 2015-02-21 14:48:10 -0800
Served asset /jquery_ujs.js - 304 Not Modified (2ms)


Started GET "/assets/bootstrap.js?body=1" for 127.0.0.1 at 2015-02-21 14:48:10 -0800
Served asset /bootstrap.js - 304 Not Modified (1ms)


Started GET "/assets/npm.js?body=1" for 127.0.0.1 at 2015-02-21 14:48:10 -0800
Served asset /npm.js - 304 Not Modified (1ms)


Started GET "/assets/application.js?body=1" for 127.0.0.1 at 2015-02-21 14:48:10 -0800
Served asset /application.js - 304 Not Modified (41ms)


Started GET "/assets/welcome.js?body=1" for 127.0.0.1 at 2015-02-21 14:48:10 -0800
Served asset /welcome.js - 304 Not Modified (1ms)


Started GET "/assets/bootstrap.min.js?body=1" for 127.0.0.1 at 2015-02-21 14:48:10 -0800
Served asset /bootstrap.min.js - 304 Not Modified (1ms)


Started GET "/assets/afdc.jpg" for 127.0.0.1 at 2015-02-21 14:48:10 -0800
Served asset /afdc.jpg - 304 Not Modified (4ms)


Started GET "/assets/branner.jpg" for 127.0.0.1 at 2015-02-21 14:48:10 -0800
Served asset /branner.jpg - 304 Not Modified (1ms)


Started GET "/assets/lakeside_logo.jpg" for 127.0.0.1 at 2015-02-21 14:48:10 -0800
Served asset /lakeside_logo.jpg - 404 Not Found (3ms)

ActionController::RoutingError (No route matches [GET] "/assets/lakeside_logo.jpg"):
  actionpack (3.2.13) lib/action_dispatch/middleware/debug_exceptions.rb:21:in `call'
  actionpack (3.2.13) lib/action_dispatch/middleware/show_exceptions.rb:56:in `call'
  railties (3.2.13) lib/rails/rack/logger.rb:32:in `call_app'
  railties (3.2.13) lib/rails/rack/logger.rb:16:in `block in call'
  activesupport (3.2.13) lib/active_support/tagged_logging.rb:22:in `tagged'
  railties (3.2.13) lib/rails/rack/logger.rb:16:in `call'
  actionpack (3.2.13) lib/action_dispatch/middleware/request_id.rb:22:in `call'
  rack (1.4.5) lib/rack/methodoverride.rb:21:in `call'
  rack (1.4.5) lib/rack/runtime.rb:17:in `call'
  activesupport (3.2.13) lib/active_support/cache/strategy/local_cache.rb:72:in `call'
  rack (1.4.5) lib/rack/lock.rb:15:in `call'
  actionpack (3.2.13) lib/action_dispatch/middleware/static.rb:63:in `call'
  railties (3.2.13) lib/rails/engine.rb:479:in `call'
  railties (3.2.13) lib/rails/application.rb:223:in `call'
  rack (1.4.5) lib/rack/content_length.rb:14:in `call'
  railties (3.2.13) lib/rails/rack/log_tailer.rb:17:in `call'
  rack (1.4.5) lib/rack/handler/webrick.rb:59:in `service'
  /Users/jasonliu/.rvm/rubies/ruby-2.0.0-p598/lib/ruby/2.0.0/webrick/httpserver.rb:138:in `service'
  /Users/jasonliu/.rvm/rubies/ruby-2.0.0-p598/lib/ruby/2.0.0/webrick/httpserver.rb:94:in `run'
  /Users/jasonliu/.rvm/rubies/ruby-2.0.0-p598/lib/ruby/2.0.0/webrick/server.rb:295:in `block in start_thread'


  Rendered /Users/jasonliu/.rvm/gems/ruby-2.0.0-p598/gems/actionpack-3.2.13/lib/action_dispatch/middleware/templates/rescues/routing_error.erb within rescues/layout (0.5ms)


Started GET "/assets/flomo.jpg" for 127.0.0.1 at 2015-02-21 14:48:10 -0800
Served asset /flomo.jpg - 304 Not Modified (1ms)


Started GET "/assets/manz.jpg" for 127.0.0.1 at 2015-02-21 14:48:10 -0800
Served asset /manz.jpg - 304 Not Modified (0ms)


Started GET "/assets/ricker.jpg" for 127.0.0.1 at 2015-02-21 14:48:10 -0800
Served asset /ricker.jpg - 304 Not Modified (0ms)


Started GET "/assets/stern.jpg" for 127.0.0.1 at 2015-02-21 14:48:10 -0800
Served asset /stern.jpg - 304 Not Modified (0ms)


Started GET "/assets/wilbur.jpg" for 127.0.0.1 at 2015-02-21 14:48:10 -0800
Served asset /wilbur.jpg - 304 Not Modified (0ms)


Started GET "/" for 127.0.0.1 at 2015-02-21 14:48:31 -0800
Processing by SayController#hello as HTML
  Rendered say/hello.html.erb within layouts/application (0.0ms)
Completed 500 Internal Server Error in 16ms

ActionView::Template::Error (couldn't find file 'bootsstrap-min'
  (in /Users/jasonliu/Hack/Stanford-Dine/app/assets/javascripts/application.js:17)):
    2: <html>
    3: <head>
    4:   <title>Ruby on Rails Starter Application</title>
    5:   <%= javascript_include_tag "application" %>
    6:   <%= csrf_meta_tags %>
    7: </head>
    8: <body>
  app/views/layouts/application.html.erb:5:in `_app_views_layouts_application_html_erb___3867899283314856026_70097316633460'


  Rendered /Users/jasonliu/.rvm/gems/ruby-2.0.0-p598/gems/actionpack-3.2.13/lib/action_dispatch/middleware/templates/rescues/_trace.erb (0.9ms)
  Rendered /Users/jasonliu/.rvm/gems/ruby-2.0.0-p598/gems/actionpack-3.2.13/lib/action_dispatch/middleware/templates/rescues/_request_and_response.erb (0.7ms)
  Rendered /Users/jasonliu/.rvm/gems/ruby-2.0.0-p598/gems/actionpack-3.2.13/lib/action_dispatch/middleware/templates/rescues/template_error.erb within rescues/layout (6.0ms)


Started GET "/" for 127.0.0.1 at 2015-02-21 14:48:39 -0800
Processing by SayController#hello as HTML
  Rendered say/hello.html.erb within layouts/application (0.0ms)
Completed 500 Internal Server Error in 41ms

ActionView::Template::Error (couldn't find file 'bootsstrap.min'
  (in /Users/jasonliu/Hack/Stanford-Dine/app/assets/javascripts/application.js:17)):
    2: <html>
    3: <head>
    4:   <title>Ruby on Rails Starter Application</title>
    5:   <%= javascript_include_tag "application" %>
    6:   <%= csrf_meta_tags %>
    7: </head>
    8: <body>
  app/views/layouts/application.html.erb:5:in `_app_views_layouts_application_html_erb___3867899283314856026_70097316633460'


  Rendered /Users/jasonliu/.rvm/gems/ruby-2.0.0-p598/gems/actionpack-3.2.13/lib/action_dispatch/middleware/templates/rescues/_trace.erb (0.9ms)
  Rendered /Users/jasonliu/.rvm/gems/ruby-2.0.0-p598/gems/actionpack-3.2.13/lib/action_dispatch/middleware/templates/rescues/_request_and_response.erb (0.6ms)
  Rendered /Users/jasonliu/.rvm/gems/ruby-2.0.0-p598/gems/actionpack-3.2.13/lib/action_dispatch/middleware/templates/rescues/template_error.erb within rescues/layout (5.8ms)


Started GET "/" for 127.0.0.1 at 2015-02-21 14:48:49 -0800
Processing by SayController#hello as HTML
  Rendered say/hello.html.erb within layouts/application (0.0ms)
Compiled application.js  (5ms)  (pid 47581)
Completed 200 OK in 43ms (Views: 42.6ms)


Started GET "/" for 127.0.0.1 at 2015-02-21 14:49:01 -0800
Processing by SayController#hello as HTML
  Rendered say/hello.html.erb within layouts/application (0.1ms)
Completed 500 Internal Server Error in 19ms

ActionView::Template::Error (couldn't find file 'bootstrap-theme'
  (in /Users/jasonliu/Hack/Stanford-Dine/app/assets/javascripts/application.js:17)):
    2: <html>
    3: <head>
    4:   <title>Ruby on Rails Starter Application</title>
    5:   <%= javascript_include_tag "application" %>
    6:   <%= csrf_meta_tags %>
    7: </head>
    8: <body>
  app/views/layouts/application.html.erb:5:in `_app_views_layouts_application_html_erb___3867899283314856026_70097316633460'


  Rendered /Users/jasonliu/.rvm/gems/ruby-2.0.0-p598/gems/actionpack-3.2.13/lib/action_dispatch/middleware/templates/rescues/_trace.erb (0.9ms)
  Rendered /Users/jasonliu/.rvm/gems/ruby-2.0.0-p598/gems/actionpack-3.2.13/lib/action_dispatch/middleware/templates/rescues/_request_and_response.erb (0.8ms)
  Rendered /Users/jasonliu/.rvm/gems/ruby-2.0.0-p598/gems/actionpack-3.2.13/lib/action_dispatch/middleware/templates/rescues/template_error.erb within rescues/layout (6.0ms)


Started GET "/" for 127.0.0.1 at 2015-02-21 14:49:15 -0800
Processing by SayController#hello as HTML
  Rendered say/hello.html.erb within layouts/application (0.0ms)
Compiled application.js  (3ms)  (pid 47581)
Completed 200 OK in 18ms (Views: 17.2ms)


Started GET "/" for 127.0.0.1 at 2015-02-21 14:49:19 -0800
Processing by SayController#hello as HTML
  Rendered say/hello.html.erb within layouts/application (0.0ms)
Completed 200 OK in 7ms (Views: 6.3ms)


Started GET "/" for 127.0.0.1 at 2015-02-21 14:49:22 -0800
Processing by SayController#hello as HTML
  Rendered say/hello.html.erb within layouts/application (0.0ms)
Completed 200 OK in 6ms (Views: 5.5ms)


Started GET "/" for 127.0.0.1 at 2015-02-21 14:49:25 -0800
Processing by SayController#hello as HTML
  Rendered say/hello.html.erb within layouts/application (0.0ms)
Completed 200 OK in 23ms (Views: 22.4ms)


Started GET "/assets/jquery.js?body=1" for 127.0.0.1 at 2015-02-21 14:49:25 -0800
Served asset /jquery.js - 304 Not Modified (0ms)


Started GET "/assets/bootstrap.js?body=1" for 127.0.0.1 at 2015-02-21 14:49:25 -0800
Served asset /bootstrap.js - 304 Not Modified (0ms)


Started GET "/assets/welcome.js?body=1" for 127.0.0.1 at 2015-02-21 14:49:25 -0800
Served asset /welcome.js - 304 Not Modified (0ms)


Started GET "/assets/jquery_ujs.js?body=1" for 127.0.0.1 at 2015-02-21 14:49:25 -0800
Served asset /jquery_ujs.js - 304 Not Modified (0ms)


Started GET "/assets/bootstrap.min.js?body=1" for 127.0.0.1 at 2015-02-21 14:49:25 -0800
Served asset /bootstrap.min.js - 304 Not Modified (0ms)


Started GET "/assets/npm.js?body=1" for 127.0.0.1 at 2015-02-21 14:49:25 -0800
Served asset /npm.js - 304 Not Modified (0ms)


Started GET "/assets/application.js?body=1" for 127.0.0.1 at 2015-02-21 14:49:25 -0800
Served asset /application.js - 200 OK (7ms)


Started GET "/assets/afdc.jpg" for 127.0.0.1 at 2015-02-21 14:49:25 -0800
Served asset /afdc.jpg - 304 Not Modified (0ms)


Started GET "/assets/flomo.jpg" for 127.0.0.1 at 2015-02-21 14:49:25 -0800
Served asset /flomo.jpg - 304 Not Modified (0ms)


Started GET "/assets/lakeside_logo.jpg" for 127.0.0.1 at 2015-02-21 14:49:25 -0800
Served asset /lakeside_logo.jpg - 404 Not Found (2ms)

ActionController::RoutingError (No route matches [GET] "/assets/lakeside_logo.jpg"):
  actionpack (3.2.13) lib/action_dispatch/middleware/debug_exceptions.rb:21:in `call'
  actionpack (3.2.13) lib/action_dispatch/middleware/show_exceptions.rb:56:in `call'
  railties (3.2.13) lib/rails/rack/logger.rb:32:in `call_app'
  railties (3.2.13) lib/rails/rack/logger.rb:16:in `block in call'
  activesupport (3.2.13) lib/active_support/tagged_logging.rb:22:in `tagged'
  railties (3.2.13) lib/rails/rack/logger.rb:16:in `call'
  actionpack (3.2.13) lib/action_dispatch/middleware/request_id.rb:22:in `call'
  rack (1.4.5) lib/rack/methodoverride.rb:21:in `call'
  rack (1.4.5) lib/rack/runtime.rb:17:in `call'
  activesupport (3.2.13) lib/active_support/cache/strategy/local_cache.rb:72:in `call'
  rack (1.4.5) lib/rack/lock.rb:15:in `call'
  actionpack (3.2.13) lib/action_dispatch/middleware/static.rb:63:in `call'
  railties (3.2.13) lib/rails/engine.rb:479:in `call'
  railties (3.2.13) lib/rails/application.rb:223:in `call'
  rack (1.4.5) lib/rack/content_length.rb:14:in `call'
  railties (3.2.13) lib/rails/rack/log_tailer.rb:17:in `call'
  rack (1.4.5) lib/rack/handler/webrick.rb:59:in `service'
  /Users/jasonliu/.rvm/rubies/ruby-2.0.0-p598/lib/ruby/2.0.0/webrick/httpserver.rb:138:in `service'
  /Users/jasonliu/.rvm/rubies/ruby-2.0.0-p598/lib/ruby/2.0.0/webrick/httpserver.rb:94:in `run'
  /Users/jasonliu/.rvm/rubies/ruby-2.0.0-p598/lib/ruby/2.0.0/webrick/server.rb:295:in `block in start_thread'


  Rendered /Users/jasonliu/.rvm/gems/ruby-2.0.0-p598/gems/actionpack-3.2.13/lib/action_dispatch/middleware/templates/rescues/routing_error.erb within rescues/layout (0.5ms)


Started GET "/assets/branner.jpg" for 127.0.0.1 at 2015-02-21 14:49:25 -0800
Served asset /branner.jpg - 304 Not Modified (0ms)


Started GET "/assets/ricker.jpg" for 127.0.0.1 at 2015-02-21 14:49:25 -0800
Served asset /ricker.jpg - 304 Not Modified (0ms)


Started GET "/assets/manz.jpg" for 127.0.0.1 at 2015-02-21 14:49:25 -0800
Served asset /manz.jpg - 304 Not Modified (0ms)


Started GET "/assets/stern.jpg" for 127.0.0.1 at 2015-02-21 14:49:25 -0800
Served asset /stern.jpg - 304 Not Modified (0ms)


Started GET "/assets/wilbur.jpg" for 127.0.0.1 at 2015-02-21 14:49:25 -0800
Served asset /wilbur.jpg - 304 Not Modified (0ms)


Started GET "/" for 127.0.0.1 at 2015-02-21 14:49:25 -0800
Processing by SayController#hello as HTML
  Rendered say/hello.html.erb within layouts/application (0.1ms)
Completed 200 OK in 12ms (Views: 11.1ms)


Started GET "/" for 127.0.0.1 at 2015-02-21 14:50:30 -0800
Processing by SayController#hello as HTML
  Rendered say/hello.html.erb within layouts/application (0.7ms)
Completed 200 OK in 29ms (Views: 28.9ms)


Started GET "/assets/bootstrap.js?body=1" for 127.0.0.1 at 2015-02-21 14:50:30 -0800
Served asset /bootstrap.js - 304 Not Modified (1ms)


Started GET "/assets/bootstrap.min.js?body=1" for 127.0.0.1 at 2015-02-21 14:50:30 -0800
Served asset /bootstrap.min.js - 304 Not Modified (1ms)


Started GET "/assets/npm.js?body=1" for 127.0.0.1 at 2015-02-21 14:50:30 -0800
Served asset /npm.js - 304 Not Modified (1ms)


Started GET "/assets/jquery.js?body=1" for 127.0.0.1 at 2015-02-21 14:50:30 -0800
Served asset /jquery.js - 304 Not Modified (7ms)


Started GET "/assets/jquery_ujs.js?body=1" for 127.0.0.1 at 2015-02-21 14:50:30 -0800
Served asset /jquery_ujs.js - 304 Not Modified (17ms)


Started GET "/assets/welcome.js?body=1" for 127.0.0.1 at 2015-02-21 14:50:30 -0800
Served asset /welcome.js - 304 Not Modified (25ms)


Started GET "/assets/application.js?body=1" for 127.0.0.1 at 2015-02-21 14:50:30 -0800
Served asset /application.js - 304 Not Modified (5ms)


Started GET "/assets/afdc.jpg" for 127.0.0.1 at 2015-02-21 14:50:30 -0800
Served asset /afdc.jpg - 304 Not Modified (1ms)


Started GET "/assets/branner.jpg" for 127.0.0.1 at 2015-02-21 14:50:30 -0800
Served asset /branner.jpg - 304 Not Modified (1ms)


Started GET "/assets/manz.jpg" for 127.0.0.1 at 2015-02-21 14:50:30 -0800
Served asset /manz.jpg - 304 Not Modified (3ms)


Started GET "/assets/ricker.jpg" for 127.0.0.1 at 2015-02-21 14:50:30 -0800
Served asset /ricker.jpg - 304 Not Modified (1ms)


Started GET "/assets/lakeside_logo.png" for 127.0.0.1 at 2015-02-21 14:50:30 -0800
Served asset /lakeside_logo.png - 200 OK (4ms)


Started GET "/assets/flomo.jpg" for 127.0.0.1 at 2015-02-21 14:50:30 -0800
Served asset /flomo.jpg - 304 Not Modified (1ms)


Started GET "/assets/stern.jpg" for 127.0.0.1 at 2015-02-21 14:50:30 -0800
Served asset /stern.jpg - 304 Not Modified (1ms)


Started GET "/assets/wilbur.jpg" for 127.0.0.1 at 2015-02-21 14:50:30 -0800
Served asset /wilbur.jpg - 304 Not Modified (2ms)
